Unity Editor version:    2021.3.39f1 (fb3b7b32f191)
Branch:                  2021.3/staging
Build type:              Release
Batch mode:              YES
macOS version:           Version 13.6.7 (Build 22G720)
Darwin version:          22.6.0
Architecture:            x86_64
Running under Rosetta:   NO
Available memory:        8192 MB
Using pre-set license
Pro License: YES

COMMAND LINE ARGUMENTS:
/Applications/Unity/Hub/Editor/2021.3.39f1/Unity.app/Contents/MacOS/Unity
-adb2
-batchMode
-noUpm
-name
AssetImportWorker0
-projectPath
/Users/juliocesaramorim/MeuCenario
-logFile
Logs/AssetImportWorker0.log
-srvPort
49764
Successfully changed project path to: /Users/juliocesaramorim/MeuCenario
/Users/juliocesaramorim/MeuCenario
[UnityMemory] Configuration Parameters - Can be set up in boot.config
    "memorysetup-bucket-allocator-granularity=16"
    "memorysetup-bucket-allocator-bucket-count=8"
    "memorysetup-bucket-allocator-block-size=33554432"
    "memorysetup-bucket-allocator-block-count=8"
    "memorysetup-main-allocator-block-size=16777216"
    "memorysetup-thread-allocator-block-size=16777216"
    "memorysetup-gfx-main-allocator-block-size=16777216"
    "memorysetup-gfx-thread-allocator-block-size=16777216"
    "memorysetup-cache-allocator-block-size=4194304"
    "memorysetup-typetree-allocator-block-size=2097152"
    "memorysetup-profiler-bucket-allocator-granularity=16"
    "memorysetup-profiler-bucket-allocator-bucket-count=8"
    "memorysetup-profiler-bucket-allocator-block-size=33554432"
    "memorysetup-profiler-bucket-allocator-block-count=8"
    "memorysetup-profiler-allocator-block-size=16777216"
    "memorysetup-profiler-editor-allocator-block-size=1048576"
    "memorysetup-temp-allocator-size-main=16777216"
    "memorysetup-job-temp-allocator-block-size=2097152"
    "memorysetup-job-temp-allocator-block-size-background=1048576"
    "memorysetup-job-temp-allocator-reduction-small-platforms=262144"
    "memorysetup-temp-allocator-size-background-worker=32768"
    "memorysetup-temp-allocator-size-job-worker=262144"
    "memorysetup-temp-allocator-size-preload-manager=33554432"
    "memorysetup-temp-allocator-size-nav-mesh-worker=65536"
    "memorysetup-temp-allocator-size-audio-worker=65536"
    "memorysetup-temp-allocator-size-cloud-worker=32768"
    "memorysetup-temp-allocator-size-gi-baking-worker=262144"
    "memorysetup-temp-allocator-size-gfx=262144"
Player connection [140704523519936] Host "[IP] 10.0.0.147 [Port] 0 [Flags] 2 [Guid] 4013889202 [EditorId] 4013889202 [Version] 1048832 [Id] OSXEditor(0,Julios-MacBook-Pro.local) [Debug] 1 [PackageName] OSXEditor [ProjectName] Editor" joined multi-casting on [225.0.0.222:54997]...

Player connection [140704523519936] Host "[IP] 10.0.0.147 [Port] 0 [Flags] 2 [Guid] 4013889202 [EditorId] 4013889202 [Version] 1048832 [Id] OSXEditor(0,Julios-MacBook-Pro.local) [Debug] 1 [PackageName] OSXEditor [ProjectName] Editor" joined alternative multi-casting on [225.0.0.222:34997]...

[Physics::Module] Initialized MultithreadedJobDispatcher with {0} workers.
Refreshing native plugins compatible for Editor in 147.28 ms, found 2 plugins.
Preloading 0 native plugins for Editor in 0.00 ms.
Initialize engine version: 2021.3.39f1 (fb3b7b32f191)
[Subsystems] Discovering subsystems at path /Applications/Unity/Hub/Editor/2021.3.39f1/Unity.app/Contents/Resources/UnitySubsystems
[Subsystems] Discovering subsystems at path /Users/juliocesaramorim/MeuCenario/Assets
GfxDevice: creating device client; threaded=0; jobified=0
Color LCD preferred device: Intel(R) Iris(TM) Plus Graphics 640 (low power)
Metal devices available: 1
0: Intel(R) Iris(TM) Plus Graphics 640 (low power)
Using device Intel(R) Iris(TM) Plus Graphics 640 (low power)
Initializing Metal device caps: Intel(R) Iris(TM) Plus Graphics 640
Initialize mono
Mono path[0] = '/Applications/Unity/Hub/Editor/2021.3.39f1/Unity.app/Contents/Managed'
Mono path[1] = '/Applications/Unity/Hub/Editor/2021.3.39f1/Unity.app/Contents/MonoBleedingEdge/lib/mono/unityjit-macos'
Mono config path = '/Applications/Unity/Hub/Editor/2021.3.39f1/Unity.app/Contents/MonoBleedingEdge/etc'
Using monoOptions --debugger-agent=transport=dt_socket,embedding=1,server=y,suspend=n,address=127.0.0.1:56055
Begin MonoManager ReloadAssembly
Registering precompiled unity dll's ...
Register platform support module: /Applications/Unity/Hub/Editor/2021.3.39f1/Unity.app/Contents/PlaybackEngines/MacStandaloneSupport/UnityEditor.OSXStandalone.Extensions.dll
Register platform support module: /Applications/Unity/Hub/Editor/2021.3.39f1/PlaybackEngines/WindowsStandaloneSupport/UnityEditor.WindowsStandalone.Extensions.dll
Registered in 0.006410 seconds.
Native extension for WindowsStandalone target not found
Native extension for OSXStandalone target not found
Refreshing native plugins compatible for Editor in 112.86 ms, found 2 plugins.
Preloading 0 native plugins for Editor in 0.00 ms.
Mono: successfully reloaded assembly
- Completed reload, in  1.259 seconds
Domain Reload Profiling:
	ReloadAssembly (1260ms)
		BeginReloadAssembly (264ms)
			ExecutionOrderSort (0ms)
			DisableScriptedObjects (0ms)
			BackupInstance (0ms)
			ReleaseScriptingObjects (0ms)
			CreateAndSetChildDomain (1ms)
		EndReloadAssembly (845ms)
			LoadAssemblies (266ms)
			RebuildTransferFunctionScriptingTraits (0ms)
			SetupTypeCache (195ms)
			ReleaseScriptCaches (0ms)
			RebuildScriptCaches (48ms)
			SetupLoadedEditorAssemblies (525ms)
				LogAssemblyErrors (0ms)
				InitializePlatformSupportModulesInManaged (13ms)
				SetLoadedEditorAssemblies (0ms)
				RefreshPlugins (113ms)
				BeforeProcessingInitializeOnLoad (2ms)
				ProcessInitializeOnLoadAttributes (307ms)
				ProcessInitializeOnLoadMethodAttributes (90ms)
				AfterProcessingInitializeOnLoad (0ms)
				EditorAssembliesLoaded (0ms)
			ExecutionOrderSort2 (0ms)
			AwakeInstancesAfterBackupRestoration (0ms)
Platform modules already initialized, skipping
Registering precompiled user dll's ...
Registered in 0.017406 seconds.
Begin MonoManager ReloadAssembly
Native extension for WindowsStandalone target not found
Native extension for OSXStandalone target not found
Refreshing native plugins compatible for Editor in 103.09 ms, found 2 plugins.
Preloading 0 native plugins for Editor in 0.00 ms.
Package Manager log level set to [2]
[Package Manager] Server::EnsureServerProcessIsRunning -- launch failed, reason: Unity was launched with the -noUpm command-line argument
[Package Manager] Cannot connect to Unity Package Manager local server
Mono: successfully reloaded assembly
- Completed reload, in  2.195 seconds
Domain Reload Profiling:
	ReloadAssembly (2196ms)
		BeginReloadAssembly (196ms)
			ExecutionOrderSort (0ms)
			DisableScriptedObjects (9ms)
			BackupInstance (0ms)
			ReleaseScriptingObjects (0ms)
			CreateAndSetChildDomain (44ms)
		EndReloadAssembly (1817ms)
			LoadAssemblies (190ms)
			RebuildTransferFunctionScriptingTraits (0ms)
			SetupTypeCache (503ms)
			ReleaseScriptCaches (1ms)
			RebuildScriptCaches (116ms)
			SetupLoadedEditorAssemblies (917ms)
				LogAssemblyErrors (0ms)
				InitializePlatformSupportModulesInManaged (6ms)
				SetLoadedEditorAssemblies (0ms)
				RefreshPlugins (103ms)
				BeforeProcessingInitializeOnLoad (97ms)
				ProcessInitializeOnLoadAttributes (674ms)
				ProcessInitializeOnLoadMethodAttributes (34ms)
				AfterProcessingInitializeOnLoad (2ms)
				EditorAssembliesLoaded (0ms)
			ExecutionOrderSort2 (0ms)
			AwakeInstancesAfterBackupRestoration (8ms)
Platform modules already initialized, skipping
========================================================================
Worker process is ready to serve import requests
Launching external process: /Applications/Unity/Hub/Editor/2021.3.39f1/Unity.app/Contents/Tools/UnityShaderCompiler
Launched and connected shader compiler UnityShaderCompiler after 0.13 seconds
Refreshing native plugins compatible for Editor in 0.78 ms, found 2 plugins.
Preloading 0 native plugins for Editor in 0.00 ms.
Unloading 3275 Unused Serialized files (Serialized files now loaded: 0)
Unloading 49 unused Assets / (1.5 MB). Loaded Objects now: 3869.
Memory consumption went from 134.7 MB to 133.2 MB.
Total: 4.442308 ms (FindLiveObjects: 0.328807 ms CreateObjectMapping: 0.252255 ms MarkObjects: 3.125373 ms  DeleteObjects: 0.734611 ms)

AssetImportParameters requested are different than current active one (requested -> active):
  custom:video-decoder-ogg-theora: a1e56fd34408186e4bbccfd4996cb3dc -> 
  custom:container-muxer-webm: aa71ff27fc2769a1b78a27578f13a17b -> 
  custom:container-demuxer-webm: 4f35f7cbe854078d1ac9338744f61a02 -> 
  custom:video-encoder-webm-vp8: eb34c28f22e8b96e1ab97ce403110664 -> 
  custom:framework-osx-AVFoundation: e770b220cccbd017edd2c1fefb359320 -> 
  custom:CustomObjectIndexerAttribute: bc11b3a6c3213fcdd17b65e7da85e133 -> 
  custom:audio-encoder-webm-vorbis: bf7c407c2cedff20999df2af8eb42d56 -> 
  custom:SearchIndexIgnoredProperties: e643bd26f0fe6173181afceb89e7c659 -> 
  custom:container-demuxer-ogg: 62fdf1f143b41e24485cea50d1cbac27 -> 
  custom:video-decoder-webm-vp8: 9c59270c3fd7afecdb556c50c9e8de78 -> 
  custom:audio-decoder-ogg-vorbis: bf7c407c2cedff20999df2af8eb42d56 -> 
========================================================================
Received Import Request.
  Time since last request: 20633.400682 seconds.
  path: Assets/DenysAlmaral/CityPeopleLite/Meshes/animated/locom_m_phoneWalking_40f.fbx
  artifactKey: Guid(2956c9278508b1b43bc612bda9a89c85) Importer(815301076,1909f56bfc062723c751e8b465ee728b)
Number of updated assets reloaded before import = 0
Start importing Assets/DenysAlmaral/CityPeopleLite/Meshes/animated/locom_m_phoneWalking_40f.fbx using Guid(2956c9278508b1b43bc612bda9a89c85) Importer(815301076,1909f56bfc062723c751e8b465ee728b)  -> (artifact id: '12ff4a1c8fba192f02e500dc45ead574') in 1.889755 seconds 
Number of asset objects unloaded after import = 72
========================================================================
Received Import Request.
  Time since last request: 0.000090 seconds.
  path: Assets/DenysAlmaral/CityPeopleLite/Meshes/animated/Tpose_lpMale_rig.FBX
  artifactKey: Guid(379bbfa8110786c49953a0e1575f1f7c) Importer(815301076,1909f56bfc062723c751e8b465ee728b)
Number of updated assets reloaded before import = 0
Start importing Assets/DenysAlmaral/CityPeopleLite/Meshes/animated/Tpose_lpMale_rig.FBX using Guid(379bbfa8110786c49953a0e1575f1f7c) Importer(815301076,1909f56bfc062723c751e8b465ee728b)  -> (artifact id: 'bcdfc27f5b31f3a6af27949880a44c8a') in 0.193506 seconds 
Number of asset objects unloaded after import = 90
========================================================================
Received Import Request.
  Time since last request: 0.000200 seconds.
  path: Assets/DenysAlmaral/CityPeopleLite/Meshes/animated/locom_f_jogging_30f.fbx
  artifactKey: Guid(89b462e93e068774491b0384208f1d84) Importer(815301076,1909f56bfc062723c751e8b465ee728b)
Number of updated assets reloaded before import = 0
Start importing Assets/DenysAlmaral/CityPeopleLite/Meshes/animated/locom_f_jogging_30f.fbx using Guid(89b462e93e068774491b0384208f1d84) Importer(815301076,1909f56bfc062723c751e8b465ee728b)  -> (artifact id: 'c4e058982606e5a98eb892a1db2cb9f4') in 0.089042 seconds 
Number of asset objects unloaded after import = 72
========================================================================
Received Import Request.
  Time since last request: 0.000106 seconds.
  path: Assets/DenysAlmaral/CityPeopleLite/Meshes/animated/locom_m_running_20f.fbx
  artifactKey: Guid(7c14dd2471ac270479f0f37d1a44e185) Importer(815301076,1909f56bfc062723c751e8b465ee728b)
Number of updated assets reloaded before import = 0
Start importing Assets/DenysAlmaral/CityPeopleLite/Meshes/animated/locom_m_running_20f.fbx using Guid(7c14dd2471ac270479f0f37d1a44e185) Importer(815301076,1909f56bfc062723c751e8b465ee728b)  -> (artifact id: '63cf5685af0ae427f411cc271b232119') in 0.147162 seconds 
Number of asset objects unloaded after import = 72
========================================================================
Received Import Request.
  Time since last request: 0.002365 seconds.
  path: Assets/DenysAlmaral/CityPeopleLite/Materials/mobile/m_people_pal.mat
  artifactKey: Guid(1a77ecb7d10f8e344a05c9cf5a49b8b4) Importer(815301076,1909f56bfc062723c751e8b465ee728b)
Number of updated assets reloaded before import = 0
Start importing Assets/DenysAlmaral/CityPeopleLite/Materials/mobile/m_people_pal.mat using Guid(1a77ecb7d10f8e344a05c9cf5a49b8b4) Importer(815301076,1909f56bfc062723c751e8b465ee728b)  -> (artifact id: '5187acf92705ac713c2d3e16be9364cb') in 0.473652 seconds 
Number of asset objects unloaded after import = 2
========================================================================
Received Import Request.
  Time since last request: 0.000082 seconds.
  path: Assets/DenysAlmaral/CityPeopleLite/Meshes/animated/idle_f_1_150f.fbx
  artifactKey: Guid(0cac3c50cffd14044b6352edd76b2cfc) Importer(815301076,1909f56bfc062723c751e8b465ee728b)
Number of updated assets reloaded before import = 0
Start importing Assets/DenysAlmaral/CityPeopleLite/Meshes/animated/idle_f_1_150f.fbx using Guid(0cac3c50cffd14044b6352edd76b2cfc) Importer(815301076,1909f56bfc062723c751e8b465ee728b)  -> (artifact id: 'cdedaa73e905f0e3aed39ef3a86e8f57') in 0.043872 seconds 
Number of asset objects unloaded after import = 72
========================================================================
Received Import Request.
  Time since last request: 0.000086 seconds.
  path: Assets/DenysAlmaral/CityPeopleLite/Meshes/animated/idle_selfcheck_1_300f.fbx
  artifactKey: Guid(b74a450768eb6e843ad3153c78c7d427) Importer(815301076,1909f56bfc062723c751e8b465ee728b)
Number of updated assets reloaded before import = 0
Start importing Assets/DenysAlmaral/CityPeopleLite/Meshes/animated/idle_selfcheck_1_300f.fbx using Guid(b74a450768eb6e843ad3153c78c7d427) Importer(815301076,1909f56bfc062723c751e8b465ee728b)  -> (artifact id: 'b3a1440c28c9aafb304452b7c197398c') in 0.098672 seconds 
Number of asset objects unloaded after import = 72
========================================================================
Received Import Request.
  Time since last request: 0.000125 seconds.
  path: Assets/DenysAlmaral/CityPeopleLite/Meshes/animated/idle_m_1_200f.fbx
  artifactKey: Guid(eb1f59f91099add4d9a614dd1daec3c5) Importer(815301076,1909f56bfc062723c751e8b465ee728b)
Number of updated assets reloaded before import = 0
Start importing Assets/DenysAlmaral/CityPeopleLite/Meshes/animated/idle_m_1_200f.fbx using Guid(eb1f59f91099add4d9a614dd1daec3c5) Importer(815301076,1909f56bfc062723c751e8b465ee728b)  -> (artifact id: '2276c8a49384e1c61b2a855a4f540e94') in 0.060039 seconds 
Number of asset objects unloaded after import = 72
========================================================================
Received Import Request.
  Time since last request: 0.000115 seconds.
  path: Assets/DenysAlmaral/CityPeopleLite/Meshes/animated/locom_m_slowWalk_40f.fbx
  artifactKey: Guid(0c6daf1879bef5640b4cf41de422d655) Importer(815301076,1909f56bfc062723c751e8b465ee728b)
Number of updated assets reloaded before import = 0
Start importing Assets/DenysAlmaral/CityPeopleLite/Meshes/animated/locom_m_slowWalk_40f.fbx using Guid(0c6daf1879bef5640b4cf41de422d655) Importer(815301076,1909f56bfc062723c751e8b465ee728b)  -> (artifact id: 'feed94953302f8ec5fab8699433f455b') in 0.101080 seconds 
Number of asset objects unloaded after import = 72
========================================================================
Received Import Request.
  Time since last request: 0.002765 seconds.
  path: Assets/DenysAlmaral/CityPeopleLite/Meshes/animated/dance_riverdance_60f.fbx
  artifactKey: Guid(2b09ecb342007ee4eabc8f6f51366e23) Importer(815301076,1909f56bfc062723c751e8b465ee728b)
Number of updated assets reloaded before import = 0
Start importing Assets/DenysAlmaral/CityPeopleLite/Meshes/animated/dance_riverdance_60f.fbx using Guid(2b09ecb342007ee4eabc8f6f51366e23) Importer(815301076,1909f56bfc062723c751e8b465ee728b)  -> (artifact id: '3731865aa5dc30b9f186807d14f72711') in 0.044858 seconds 
Number of asset objects unloaded after import = 88
========================================================================
Received Import Request.
  Time since last request: 0.000324 seconds.
  path: Assets/DenysAlmaral/CityPeopleLite/Meshes/animated/locom_f_basicWalk_30f.fbx
  artifactKey: Guid(a9ce97152abb7fc41ae2a29525434851) Importer(815301076,1909f56bfc062723c751e8b465ee728b)
Number of updated assets reloaded before import = 0
Start importing Assets/DenysAlmaral/CityPeopleLite/Meshes/animated/locom_f_basicWalk_30f.fbx using Guid(a9ce97152abb7fc41ae2a29525434851) Importer(815301076,1909f56bfc062723c751e8b465ee728b)  -> (artifact id: 'cd8944ae06ce9d191d165cdaf465d6d8') in 0.105616 seconds 
Number of asset objects unloaded after import = 72
========================================================================
Received Import Request.
  Time since last request: 0.000347 seconds.
  path: Assets/DenysAlmaral/CityPeopleLite/Meshes/animated/locom_m_jogging_30f.fbx
  artifactKey: Guid(66fd1714b985d8c47806307c1442de96) Importer(815301076,1909f56bfc062723c751e8b465ee728b)
Number of updated assets reloaded before import = 0
Start importing Assets/DenysAlmaral/CityPeopleLite/Meshes/animated/locom_m_jogging_30f.fbx using Guid(66fd1714b985d8c47806307c1442de96) Importer(815301076,1909f56bfc062723c751e8b465ee728b)  -> (artifact id: '8f95b0ec6316e9afe861ec5a57a4f08c') in 0.038930 seconds 
Number of asset objects unloaded after import = 72
========================================================================
Received Import Request.
  Time since last request: 0.000090 seconds.
  path: Assets/DenysAlmaral/CityPeopleLite/Meshes/animated/locom_f_running_20f.fbx
  artifactKey: Guid(a03f918c5bc120949817620476cb0a45) Importer(815301076,1909f56bfc062723c751e8b465ee728b)
Number of updated assets reloaded before import = 0
Start importing Assets/DenysAlmaral/CityPeopleLite/Meshes/animated/locom_f_running_20f.fbx using Guid(a03f918c5bc120949817620476cb0a45) Importer(815301076,1909f56bfc062723c751e8b465ee728b)  -> (artifact id: '1ec01738ddf6c928a5c97d518e73948a') in 0.083234 seconds 
Number of asset objects unloaded after import = 88
========================================================================
Received Import Request.
  Time since last request: 0.000387 seconds.
  path: Assets/DenysAlmaral/CityPeopleLite/Meshes/animated/dance_afro_56f.fbx
  artifactKey: Guid(6f0db15f6daa10a41bcc464d5b110369) Importer(815301076,1909f56bfc062723c751e8b465ee728b)
Number of updated assets reloaded before import = 0
Start importing Assets/DenysAlmaral/CityPeopleLite/Meshes/animated/dance_afro_56f.fbx using Guid(6f0db15f6daa10a41bcc464d5b110369) Importer(815301076,1909f56bfc062723c751e8b465ee728b)  -> (artifact id: '08d3d8486501e01137e4ea8498e04112') in 0.041310 seconds 
Number of asset objects unloaded after import = 72
========================================================================
Received Import Request.
  Time since last request: 0.000086 seconds.
  path: Assets/DenysAlmaral/CityPeopleLite/Meshes/animated/dance_hype_100f.fbx
  artifactKey: Guid(3009e9874947eb241a515202d231c0e0) Importer(815301076,1909f56bfc062723c751e8b465ee728b)
Number of updated assets reloaded before import = 0
Start importing Assets/DenysAlmaral/CityPeopleLite/Meshes/animated/dance_hype_100f.fbx using Guid(3009e9874947eb241a515202d231c0e0) Importer(815301076,1909f56bfc062723c751e8b465ee728b)  -> (artifact id: 'c2d5a6f880c0f573ff2abec810a87a43') in 0.093301 seconds 
Number of asset objects unloaded after import = 72
========================================================================
Received Import Request.
  Time since last request: 0.000084 seconds.
  path: Assets/DenysAlmaral/CityPeopleLite/Meshes/animated/exercise_warmingUp_170f.fbx
  artifactKey: Guid(db4053d1a9e0999428ed31b384873e94) Importer(815301076,1909f56bfc062723c751e8b465ee728b)
Number of updated assets reloaded before import = 0
Start importing Assets/DenysAlmaral/CityPeopleLite/Meshes/animated/exercise_warmingUp_170f.fbx using Guid(db4053d1a9e0999428ed31b384873e94) Importer(815301076,1909f56bfc062723c751e8b465ee728b)  -> (artifact id: 'b85e86e89966babd4754f39acb5a306f') in 0.040672 seconds 
Number of asset objects unloaded after import = 72
========================================================================
Received Import Request.
  Time since last request: 0.000146 seconds.
  path: Assets/DenysAlmaral/CityPeopleLite/Meshes/animated/idle_f_2_190f.fbx
  artifactKey: Guid(ea917c84da27c514c89479d48da89544) Importer(815301076,1909f56bfc062723c751e8b465ee728b)
Number of updated assets reloaded before import = 0
Start importing Assets/DenysAlmaral/CityPeopleLite/Meshes/animated/idle_f_2_190f.fbx using Guid(ea917c84da27c514c89479d48da89544) Importer(815301076,1909f56bfc062723c751e8b465ee728b)  -> (artifact id: '66e7f3c50660362e301fa7d1d341390b') in 0.090785 seconds 
Number of asset objects unloaded after import = 72
========================================================================
Received Import Request.
  Time since last request: 0.000078 seconds.
  path: Assets/DenysAlmaral/CityPeopleLite/Meshes/animated/locom_f_phoneWalking_40f.fbx
  artifactKey: Guid(a589e693a8baf10489fd11987487a4f8) Importer(815301076,1909f56bfc062723c751e8b465ee728b)
Number of updated assets reloaded before import = 0
Start importing Assets/DenysAlmaral/CityPeopleLite/Meshes/animated/locom_f_phoneWalking_40f.fbx using Guid(a589e693a8baf10489fd11987487a4f8) Importer(815301076,1909f56bfc062723c751e8b465ee728b)  -> (artifact id: 'f36ffeb33ff79b0198457eb9d494e7ce') in 0.048875 seconds 
Number of asset objects unloaded after import = 72
========================================================================
Received Import Request.
  Time since last request: 0.047397 seconds.
  path: Assets/DenysAlmaral/CityPeopleLite/Meshes/animated/dance_f_flossing_48f.fbx
  artifactKey: Guid(5b089a468d3d6a645a0194b9e381d959) Importer(815301076,1909f56bfc062723c751e8b465ee728b)
Number of updated assets reloaded before import = 0
Start importing Assets/DenysAlmaral/CityPeopleLite/Meshes/animated/dance_f_flossing_48f.fbx using Guid(5b089a468d3d6a645a0194b9e381d959) Importer(815301076,1909f56bfc062723c751e8b465ee728b)  -> (artifact id: 'fc86dca98ccd1acbb95c85d469ab23b4') in 0.072045 seconds 
Number of asset objects unloaded after import = 72
========================================================================
Received Import Request.
  Time since last request: 0.000070 seconds.
  path: Assets/DenysAlmaral/CityPeopleLite/Meshes/animated/dance_m_flossing_40f.fbx
  artifactKey: Guid(a0c0a4d38207089439b8f72a52ad58d2) Importer(815301076,1909f56bfc062723c751e8b465ee728b)
Number of updated assets reloaded before import = 0
Start importing Assets/DenysAlmaral/CityPeopleLite/Meshes/animated/dance_m_flossing_40f.fbx using Guid(a0c0a4d38207089439b8f72a52ad58d2) Importer(815301076,1909f56bfc062723c751e8b465ee728b)  -> (artifact id: 'c746e22acbfd2797455ee833a109bc94') in 0.051084 seconds 
Number of asset objects unloaded after import = 72
========================================================================
Received Import Request.
  Time since last request: 0.000077 seconds.
  path: Assets/DenysAlmaral/CityPeopleLite/Meshes/animated/locom_f_slowWalk_40f.fbx
  artifactKey: Guid(05f0ae7c1293fb64b8b0323ca243c983) Importer(815301076,1909f56bfc062723c751e8b465ee728b)
Number of updated assets reloaded before import = 0
Start importing Assets/DenysAlmaral/CityPeopleLite/Meshes/animated/locom_f_slowWalk_40f.fbx using Guid(05f0ae7c1293fb64b8b0323ca243c983) Importer(815301076,1909f56bfc062723c751e8b465ee728b)  -> (artifact id: 'a9d27e4885b428df6aa32694dd0b0296') in 0.137314 seconds 
Number of asset objects unloaded after import = 72
========================================================================
Received Import Request.
  Time since last request: 0.000087 seconds.
  path: Assets/DenysAlmaral/CityPeopleLite/Textures/people_pal_s1.png
  artifactKey: Guid(4b5d0c517c677e645bbeaf8395e508ff) Importer(815301076,1909f56bfc062723c751e8b465ee728b)
Number of updated assets reloaded before import = 0
Start importing Assets/DenysAlmaral/CityPeopleLite/Textures/people_pal_s1.png using Guid(4b5d0c517c677e645bbeaf8395e508ff) Importer(815301076,1909f56bfc062723c751e8b465ee728b)  -> (artifact id: 'c2b4d9b29ab9651f3783277d150c8aa0') in 1.038343 seconds 
Number of asset objects unloaded after import = 2
========================================================================
Received Import Request.
  Time since last request: 0.000099 seconds.
  path: Assets/DenysAlmaral/CityPeopleLite/Textures/people_pal_s2.png
  artifactKey: Guid(2c46ea73bc924c645837326c10544778) Importer(815301076,1909f56bfc062723c751e8b465ee728b)
Number of updated assets reloaded before import = 0
Start importing Assets/DenysAlmaral/CityPeopleLite/Textures/people_pal_s2.png using Guid(2c46ea73bc924c645837326c10544778) Importer(815301076,1909f56bfc062723c751e8b465ee728b)  -> (artifact id: '7d1ff4df06f33406b7626f5cf07848cf') in 0.025305 seconds 
Number of asset objects unloaded after import = 2
========================================================================
Received Import Request.
  Time since last request: 0.000067 seconds.
  path: Assets/DenysAlmaral/CityPeopleLite/Textures/people_pal_check.png
  artifactKey: Guid(fbd29e78a14e5224eaaaf0af35f976af) Importer(815301076,1909f56bfc062723c751e8b465ee728b)
Number of updated assets reloaded before import = 0
Start importing Assets/DenysAlmaral/CityPeopleLite/Textures/people_pal_check.png using Guid(fbd29e78a14e5224eaaaf0af35f976af) Importer(815301076,1909f56bfc062723c751e8b465ee728b)  -> (artifact id: '2bd67816120b911eb34df71eb1fbac32') in 0.023240 seconds 
Number of asset objects unloaded after import = 2
========================================================================
Received Import Request.
  Time since last request: 0.000067 seconds.
  path: Assets/DenysAlmaral/CityPeopleLite/Textures/people_pal_fam.png
  artifactKey: Guid(d6ab8c0b6ecd0894baae127aa7e48aee) Importer(815301076,1909f56bfc062723c751e8b465ee728b)
Number of updated assets reloaded before import = 0
Start importing Assets/DenysAlmaral/CityPeopleLite/Textures/people_pal_fam.png using Guid(d6ab8c0b6ecd0894baae127aa7e48aee) Importer(815301076,1909f56bfc062723c751e8b465ee728b)  -> (artifact id: '516d1a783c544415c1fac9664b1570ad') in 0.010259 seconds 
Number of asset objects unloaded after import = 2
========================================================================
Received Import Request.
  Time since last request: 0.000062 seconds.
  path: Assets/DenysAlmaral/CityPeopleLite/Textures/people_pal.png
  artifactKey: Guid(9ffdc8b7919d763478da45016239eace) Importer(815301076,1909f56bfc062723c751e8b465ee728b)
Number of updated assets reloaded before import = 0
Start importing Assets/DenysAlmaral/CityPeopleLite/Textures/people_pal.png using Guid(9ffdc8b7919d763478da45016239eace) Importer(815301076,1909f56bfc062723c751e8b465ee728b)  -> (artifact id: 'ba56054c1165bc49bb33de9917912967') in 0.023959 seconds 
Number of asset objects unloaded after import = 2
========================================================================
Received Import Request.
  Time since last request: 0.000088 seconds.
  path: Assets/DenysAlmaral/CityPeopleLite/Textures/people_pal_s3.png
  artifactKey: Guid(223a48eab21e52b48a3848058db4df4d) Importer(815301076,1909f56bfc062723c751e8b465ee728b)
Number of updated assets reloaded before import = 0
Start importing Assets/DenysAlmaral/CityPeopleLite/Textures/people_pal_s3.png using Guid(223a48eab21e52b48a3848058db4df4d) Importer(815301076,1909f56bfc062723c751e8b465ee728b)  -> (artifact id: 'b0390292a1dba71da652fce35d0fa007') in 0.052964 seconds 
Number of asset objects unloaded after import = 2
========================================================================
Received Import Request.
  Time since last request: 0.000705 seconds.
  path: Assets/DenysAlmaral/CityPeopleLite/Textures/people_pal_s4.png
  artifactKey: Guid(2cae7cfe2fb5d0e41ba90c5a75a97f91) Importer(815301076,1909f56bfc062723c751e8b465ee728b)
Number of updated assets reloaded before import = 0
Start importing Assets/DenysAlmaral/CityPeopleLite/Textures/people_pal_s4.png using Guid(2cae7cfe2fb5d0e41ba90c5a75a97f91) Importer(815301076,1909f56bfc062723c751e8b465ee728b)  -> (artifact id: 'ebd56f07cceb7eb3d3c823948b0b1819') in 0.012684 seconds 
Number of asset objects unloaded after import = 2
========================================================================
Received Import Request.
  Time since last request: 0.000094 seconds.
  path: Assets/DenysAlmaral/CityPeopleLite/Meshes/animated/Tpose_lpFemale_rig.FBX
  artifactKey: Guid(89e4b9e31fc9ace45a9164e797eb041b) Importer(815301076,1909f56bfc062723c751e8b465ee728b)
Number of updated assets reloaded before import = 0
Start importing Assets/DenysAlmaral/CityPeopleLite/Meshes/animated/Tpose_lpFemale_rig.FBX using Guid(89e4b9e31fc9ace45a9164e797eb041b) Importer(815301076,1909f56bfc062723c751e8b465ee728b)  -> (artifact id: '59a167a12fd27e99a0928af2f0275d37') in 0.051090 seconds 
Number of asset objects unloaded after import = 90
========================================================================
Received Import Request.
  Time since last request: 0.000070 seconds.
  path: Assets/DenysAlmaral/CityPeopleLite/Meshes/animated/idle_m_2_220f.fbx
  artifactKey: Guid(40d3a309e9945334284a3a33b46139e7) Importer(815301076,1909f56bfc062723c751e8b465ee728b)
Number of updated assets reloaded before import = 0
Start importing Assets/DenysAlmaral/CityPeopleLite/Meshes/animated/idle_m_2_220f.fbx using Guid(40d3a309e9945334284a3a33b46139e7) Importer(815301076,1909f56bfc062723c751e8b465ee728b)  -> (artifact id: '89b1a03cb36f5a1b8d38763096dcfcc9') in 0.108533 seconds 
Number of asset objects unloaded after import = 72
========================================================================
Received Import Request.
  Time since last request: 0.000792 seconds.
  path: Assets/DenysAlmaral/CityPeopleLite/Materials/standard/s_people_pal.mat
  artifactKey: Guid(c2de9ee12d731e14e93392e0a8046454) Importer(815301076,1909f56bfc062723c751e8b465ee728b)
Number of updated assets reloaded before import = 0
Start importing Assets/DenysAlmaral/CityPeopleLite/Materials/standard/s_people_pal.mat using Guid(c2de9ee12d731e14e93392e0a8046454) Importer(815301076,1909f56bfc062723c751e8b465ee728b)  -> (artifact id: '2928e81f85d08a22e3d95327c1a6638f') in 0.520116 seconds 
Number of asset objects unloaded after import = 2
========================================================================
Received Import Request.
  Time since last request: 0.000072 seconds.
  path: Assets/DenysAlmaral/CityPeopleLite/Meshes/animated/locom_m_basicWalk_30f.fbx
  artifactKey: Guid(6599ecd64e0c14740acc7d5f8b82f1f5) Importer(815301076,1909f56bfc062723c751e8b465ee728b)
Number of updated assets reloaded before import = 0
Start importing Assets/DenysAlmaral/CityPeopleLite/Meshes/animated/locom_m_basicWalk_30f.fbx using Guid(6599ecd64e0c14740acc7d5f8b82f1f5) Importer(815301076,1909f56bfc062723c751e8b465ee728b)  -> (artifact id: '254ccde2b7139600ca9715a0cdd079cb') in 0.043874 seconds 
Number of asset objects unloaded after import = 72
========================================================================
Received Import Request.
  Time since last request: 0.000071 seconds.
  path: Assets/DenysAlmaral/CityPeopleLite/Meshes/animated/idle_phoneTalking_180f.fbx
  artifactKey: Guid(3975160a0bfe0d94098f615c8283969c) Importer(815301076,1909f56bfc062723c751e8b465ee728b)
Number of updated assets reloaded before import = 0
Start importing Assets/DenysAlmaral/CityPeopleLite/Meshes/animated/idle_phoneTalking_180f.fbx using Guid(3975160a0bfe0d94098f615c8283969c) Importer(815301076,1909f56bfc062723c751e8b465ee728b)  -> (artifact id: '802a6d4579c1ffaa5f00a815f14cf310') in 0.118947 seconds 
Number of asset objects unloaded after import = 72
========================================================================
Received Import Request.
  Time since last request: 1.407849 seconds.
  path: Assets/DenysAlmaral/CityPeopleLite/Prefabs/casual_Female_G.prefab
  artifactKey: Guid(bae26acf817c6dc4e82f95d9ef4ab46a) Importer(815301076,1909f56bfc062723c751e8b465ee728b)
Number of updated assets reloaded before import = 0
Start importing Assets/DenysAlmaral/CityPeopleLite/Prefabs/casual_Female_G.prefab using Guid(bae26acf817c6dc4e82f95d9ef4ab46a) Importer(815301076,1909f56bfc062723c751e8b465ee728b)  -> (artifact id: 'c9ffd81a9b4c2f0d6d5f3b8c67be2631') in 0.259502 seconds 
Number of asset objects unloaded after import = 89
========================================================================
Received Import Request.
  Time since last request: 0.000083 seconds.
  path: Assets/DenysAlmaral/CityPeopleLite/Prefabs/little_boy_B.prefab
  artifactKey: Guid(87a7b985b15a4244091de35d7df9169a) Importer(815301076,1909f56bfc062723c751e8b465ee728b)
Number of updated assets reloaded before import = 0
Start importing Assets/DenysAlmaral/CityPeopleLite/Prefabs/little_boy_B.prefab using Guid(87a7b985b15a4244091de35d7df9169a) Importer(815301076,1909f56bfc062723c751e8b465ee728b)  -> (artifact id: '8055ce85baba838dad3c03f6294634b2') in 0.173977 seconds 
Number of asset objects unloaded after import = 95
========================================================================
Received Import Request.
  Time since last request: 0.000243 seconds.
  path: Assets/DenysAlmaral/CityPeopleLite/Prefabs/casual_Male_K.prefab
  artifactKey: Guid(2435736d6adca23458edd7c80c901e3e) Importer(815301076,1909f56bfc062723c751e8b465ee728b)
Number of updated assets reloaded before import = 0
Start importing Assets/DenysAlmaral/CityPeopleLite/Prefabs/casual_Male_K.prefab using Guid(2435736d6adca23458edd7c80c901e3e) Importer(815301076,1909f56bfc062723c751e8b465ee728b)  -> (artifact id: '19bec36a6ab46ae4ae1c8608efc621ff') in 0.161749 seconds 
Number of asset objects unloaded after import = 95
========================================================================
Received Import Request.
  Time since last request: 0.000071 seconds.
  path: Assets/DenysAlmaral/CityPeopleLite/Prefabs/casual_Female_K.prefab
  artifactKey: Guid(bcc8c8f342f71a7439ac0579aa86f030) Importer(815301076,1909f56bfc062723c751e8b465ee728b)
Number of updated assets reloaded before import = 0
Start importing Assets/DenysAlmaral/CityPeopleLite/Prefabs/casual_Female_K.prefab using Guid(bcc8c8f342f71a7439ac0579aa86f030) Importer(815301076,1909f56bfc062723c751e8b465ee728b)  -> (artifact id: '9ea64e4f5f4c08d8b0f736910094b71f') in 0.176781 seconds 
Number of asset objects unloaded after import = 93
========================================================================
Received Import Request.
  Time since last request: 0.000080 seconds.
  path: Assets/DenysAlmaral/CityPeopleLite/Prefabs/Doctor_Male_B.prefab
  artifactKey: Guid(314b13a2c4f89c74299eabc2a4c725c7) Importer(815301076,1909f56bfc062723c751e8b465ee728b)
Number of updated assets reloaded before import = 0
Start importing Assets/DenysAlmaral/CityPeopleLite/Prefabs/Doctor_Male_B.prefab using Guid(314b13a2c4f89c74299eabc2a4c725c7) Importer(815301076,1909f56bfc062723c751e8b465ee728b)  -> (artifact id: '092268d0cce3f916776e022d5bfe14d4') in 0.136008 seconds 
Number of asset objects unloaded after import = 95
========================================================================
Received Import Request.
  Time since last request: 0.000108 seconds.
  path: Assets/DenysAlmaral/CityPeopleLite/Prefabs/police_Female_A.prefab
  artifactKey: Guid(f0ac6fb9ada49f24683e3eca20786103) Importer(815301076,1909f56bfc062723c751e8b465ee728b)
Number of updated assets reloaded before import = 0
Start importing Assets/DenysAlmaral/CityPeopleLite/Prefabs/police_Female_A.prefab using Guid(f0ac6fb9ada49f24683e3eca20786103) Importer(815301076,1909f56bfc062723c751e8b465ee728b)  -> (artifact id: 'd17d73b5661f934ee742c1e3ccc7ddbf') in 0.116999 seconds 
Number of asset objects unloaded after import = 89
========================================================================
Received Import Request.
  Time since last request: 0.000759 seconds.
  path: Assets/DenysAlmaral/CityPeopleLite/Prefabs/casual_Male_G.prefab
  artifactKey: Guid(f71041fd118fbb34aa9d2dd6a1d96fce) Importer(815301076,1909f56bfc062723c751e8b465ee728b)
Number of updated assets reloaded before import = 0
Start importing Assets/DenysAlmaral/CityPeopleLite/Prefabs/casual_Male_G.prefab using Guid(f71041fd118fbb34aa9d2dd6a1d96fce) Importer(815301076,1909f56bfc062723c751e8b465ee728b)  -> (artifact id: '23ff3e27c515965a55072cd77e00c710') in 0.140022 seconds 
Number of asset objects unloaded after import = 91
========================================================================
Received Import Request.
  Time since last request: 0.000193 seconds.
  path: Assets/DenysAlmaral/CityPeopleLite/Prefabs/elder_Female_A.prefab
  artifactKey: Guid(bcc8732b8b44622449c23934f89e68c0) Importer(815301076,1909f56bfc062723c751e8b465ee728b)
Number of updated assets reloaded before import = 0
Start importing Assets/DenysAlmaral/CityPeopleLite/Prefabs/elder_Female_A.prefab using Guid(bcc8732b8b44622449c23934f89e68c0) Importer(815301076,1909f56bfc062723c751e8b465ee728b)  -> (artifact id: 'ae23fc7c6dea38158760b4fc1c12648f') in 0.128215 seconds 
Number of asset objects unloaded after import = 97
========================================================================
Received Prepare
Registering precompiled user dll's ...
Registered in 0.004787 seconds.
Begin MonoManager ReloadAssembly
Native extension for WindowsStandalone target not found
Native extension for OSXStandalone target not found
Refreshing native plugins compatible for Editor in 1.20 ms, found 2 plugins.
Preloading 0 native plugins for Editor in 0.00 ms.
[Package Manager] Server::EnsureServerProcessIsRunning -- launch failed, reason: Unity was launched with the -noUpm command-line argument
[Package Manager] Cannot connect to Unity Package Manager local server
[Package Manager] Server::EnsureServerProcessIsRunning -- launch failed, reason: Unity was launched with the -noUpm command-line argument
[Package Manager] Cannot connect to Unity Package Manager local server
Mono: successfully reloaded assembly
- Completed reload, in  3.618 seconds
Domain Reload Profiling:
	ReloadAssembly (3619ms)
		BeginReloadAssembly (297ms)
			ExecutionOrderSort (0ms)
			DisableScriptedObjects (9ms)
			BackupInstance (0ms)
			ReleaseScriptingObjects (0ms)
			CreateAndSetChildDomain (132ms)
		EndReloadAssembly (3166ms)
			LoadAssemblies (159ms)
			RebuildTransferFunctionScriptingTraits (0ms)
			SetupTypeCache (822ms)
			ReleaseScriptCaches (4ms)
			RebuildScriptCaches (157ms)
			SetupLoadedEditorAssemblies (1873ms)
				LogAssemblyErrors (0ms)
				InitializePlatformSupportModulesInManaged (14ms)
				SetLoadedEditorAssemblies (1ms)
				RefreshPlugins (1ms)
				BeforeProcessingInitializeOnLoad (137ms)
				ProcessInitializeOnLoadAttributes (1610ms)
				ProcessInitializeOnLoadMethodAttributes (89ms)
				AfterProcessingInitializeOnLoad (20ms)
				EditorAssembliesLoaded (1ms)
			ExecutionOrderSort2 (0ms)
			AwakeInstancesAfterBackupRestoration (14ms)
Platform modules already initialized, skipping
Refreshing native plugins compatible for Editor in 6.19 ms, found 2 plugins.
Preloading 0 native plugins for Editor in 0.00 ms.
Unloading 3228 Unused Serialized files (Serialized files now loaded: 0)
Unloading 34 unused Assets / (1.4 MB). Loaded Objects now: 3921.
Memory consumption went from 166.5 MB to 165.0 MB.
Total: 8.421743 ms (FindLiveObjects: 0.498678 ms CreateObjectMapping: 0.525675 ms MarkObjects: 6.730256 ms  DeleteObjects: 0.664888 ms)

AssetImportParameters requested are different than current active one (requested -> active):
  custom:video-decoder-ogg-theora: a1e56fd34408186e4bbccfd4996cb3dc -> 
  custom:container-muxer-webm: aa71ff27fc2769a1b78a27578f13a17b -> 
  custom:container-demuxer-webm: 4f35f7cbe854078d1ac9338744f61a02 -> 
  custom:video-encoder-webm-vp8: eb34c28f22e8b96e1ab97ce403110664 -> 
  custom:framework-osx-AVFoundation: e770b220cccbd017edd2c1fefb359320 -> 
  custom:CustomObjectIndexerAttribute: bc11b3a6c3213fcdd17b65e7da85e133 -> 
  custom:audio-encoder-webm-vorbis: bf7c407c2cedff20999df2af8eb42d56 -> 
  custom:SearchIndexIgnoredProperties: e643bd26f0fe6173181afceb89e7c659 -> 
  custom:container-demuxer-ogg: 62fdf1f143b41e24485cea50d1cbac27 -> 
  custom:video-decoder-webm-vp8: 9c59270c3fd7afecdb556c50c9e8de78 -> 
  custom:audio-decoder-ogg-vorbis: bf7c407c2cedff20999df2af8eb42d56 -> 
========================================================================
Received Prepare
Registering precompiled user dll's ...
Registered in 0.006180 seconds.
Begin MonoManager ReloadAssembly
Native extension for WindowsStandalone target not found
Native extension for OSXStandalone target not found
Refreshing native plugins compatible for Editor in 1.26 ms, found 2 plugins.
Preloading 0 native plugins for Editor in 0.00 ms.
[Package Manager] Server::EnsureServerProcessIsRunning -- launch failed, reason: Unity was launched with the -noUpm command-line argument
[Package Manager] Cannot connect to Unity Package Manager local server
[Package Manager] Server::EnsureServerProcessIsRunning -- launch failed, reason: Unity was launched with the -noUpm command-line argument
[Package Manager] Cannot connect to Unity Package Manager local server
Mono: successfully reloaded assembly
- Completed reload, in  4.076 seconds
Domain Reload Profiling:
	ReloadAssembly (4101ms)
		BeginReloadAssembly (280ms)
			ExecutionOrderSort (0ms)
			DisableScriptedObjects (9ms)
			BackupInstance (0ms)
			ReleaseScriptingObjects (0ms)
			CreateAndSetChildDomain (110ms)
		EndReloadAssembly (3651ms)
			LoadAssemblies (142ms)
			RebuildTransferFunctionScriptingTraits (0ms)
			SetupTypeCache (793ms)
			ReleaseScriptCaches (3ms)
			RebuildScriptCaches (143ms)
			SetupLoadedEditorAssemblies (2307ms)
				LogAssemblyErrors (0ms)
				InitializePlatformSupportModulesInManaged (17ms)
				SetLoadedEditorAssemblies (1ms)
				RefreshPlugins (1ms)
				BeforeProcessingInitializeOnLoad (165ms)
				ProcessInitializeOnLoadAttributes (2015ms)
				ProcessInitializeOnLoadMethodAttributes (102ms)
				AfterProcessingInitializeOnLoad (5ms)
				EditorAssembliesLoaded (1ms)
			ExecutionOrderSort2 (0ms)
			AwakeInstancesAfterBackupRestoration (19ms)
Platform modules already initialized, skipping
Refreshing native plugins compatible for Editor in 1.35 ms, found 2 plugins.
Preloading 0 native plugins for Editor in 0.00 ms.
Unloading 3228 Unused Serialized files (Serialized files now loaded: 0)
Unloading 34 unused Assets / (1.4 MB). Loaded Objects now: 3924.
Memory consumption went from 166.5 MB to 165.0 MB.
Total: 15.130265 ms (FindLiveObjects: 0.523846 ms CreateObjectMapping: 0.604998 ms MarkObjects: 13.322156 ms  DeleteObjects: 0.676833 ms)

AssetImportParameters requested are different than current active one (requested -> active):
  custom:video-decoder-ogg-theora: a1e56fd34408186e4bbccfd4996cb3dc -> 
  custom:container-muxer-webm: aa71ff27fc2769a1b78a27578f13a17b -> 
  custom:container-demuxer-webm: 4f35f7cbe854078d1ac9338744f61a02 -> 
  custom:video-encoder-webm-vp8: eb34c28f22e8b96e1ab97ce403110664 -> 
  custom:framework-osx-AVFoundation: e770b220cccbd017edd2c1fefb359320 -> 
  custom:CustomObjectIndexerAttribute: bc11b3a6c3213fcdd17b65e7da85e133 -> 
  custom:audio-encoder-webm-vorbis: bf7c407c2cedff20999df2af8eb42d56 -> 
  custom:SearchIndexIgnoredProperties: e643bd26f0fe6173181afceb89e7c659 -> 
  custom:container-demuxer-ogg: 62fdf1f143b41e24485cea50d1cbac27 -> 
  custom:video-decoder-webm-vp8: 9c59270c3fd7afecdb556c50c9e8de78 -> 
  custom:audio-decoder-ogg-vorbis: bf7c407c2cedff20999df2af8eb42d56 -> 
========================================================================
Received Prepare
Registering precompiled user dll's ...
Registered in 0.004622 seconds.
Begin MonoManager ReloadAssembly
Native extension for WindowsStandalone target not found
Native extension for OSXStandalone target not found
Refreshing native plugins compatible for Editor in 1.31 ms, found 2 plugins.
Preloading 0 native plugins for Editor in 0.00 ms.
[Package Manager] Server::EnsureServerProcessIsRunning -- launch failed, reason: Unity was launched with the -noUpm command-line argument
[Package Manager] Cannot connect to Unity Package Manager local server
[Package Manager] Server::EnsureServerProcessIsRunning -- launch failed, reason: Unity was launched with the -noUpm command-line argument
[Package Manager] Cannot connect to Unity Package Manager local server
Mono: successfully reloaded assembly
- Completed reload, in  4.816 seconds
Domain Reload Profiling:
	ReloadAssembly (4821ms)
		BeginReloadAssembly (360ms)
			ExecutionOrderSort (0ms)
			DisableScriptedObjects (10ms)
			BackupInstance (0ms)
			ReleaseScriptingObjects (0ms)
			CreateAndSetChildDomain (108ms)
		EndReloadAssembly (4244ms)
			LoadAssemblies (241ms)
			RebuildTransferFunctionScriptingTraits (0ms)
			SetupTypeCache (1110ms)
			ReleaseScriptCaches (5ms)
			RebuildScriptCaches (234ms)
			SetupLoadedEditorAssemblies (2439ms)
				LogAssemblyErrors (0ms)
				InitializePlatformSupportModulesInManaged (42ms)
				SetLoadedEditorAssemblies (2ms)
				RefreshPlugins (1ms)
				BeforeProcessingInitializeOnLoad (205ms)
				ProcessInitializeOnLoadAttributes (2067ms)
				ProcessInitializeOnLoadMethodAttributes (114ms)
				AfterProcessingInitializeOnLoad (6ms)
				EditorAssembliesLoaded (0ms)
			ExecutionOrderSort2 (0ms)
			AwakeInstancesAfterBackupRestoration (17ms)
Platform modules already initialized, skipping
Refreshing native plugins compatible for Editor in 1.39 ms, found 2 plugins.
Preloading 0 native plugins for Editor in 0.00 ms.
Unloading 3228 Unused Serialized files (Serialized files now loaded: 0)
Unloading 34 unused Assets / (1.4 MB). Loaded Objects now: 3927.
Memory consumption went from 166.5 MB to 165.1 MB.
Total: 11.407411 ms (FindLiveObjects: 0.651959 ms CreateObjectMapping: 0.531458 ms MarkObjects: 8.970547 ms  DeleteObjects: 1.250167 ms)

AssetImportParameters requested are different than current active one (requested -> active):
  custom:video-decoder-ogg-theora: a1e56fd34408186e4bbccfd4996cb3dc -> 
  custom:container-muxer-webm: aa71ff27fc2769a1b78a27578f13a17b -> 
  custom:container-demuxer-webm: 4f35f7cbe854078d1ac9338744f61a02 -> 
  custom:video-encoder-webm-vp8: eb34c28f22e8b96e1ab97ce403110664 -> 
  custom:framework-osx-AVFoundation: e770b220cccbd017edd2c1fefb359320 -> 
  custom:CustomObjectIndexerAttribute: bc11b3a6c3213fcdd17b65e7da85e133 -> 
  custom:audio-encoder-webm-vorbis: bf7c407c2cedff20999df2af8eb42d56 -> 
  custom:SearchIndexIgnoredProperties: e643bd26f0fe6173181afceb89e7c659 -> 
  custom:container-demuxer-ogg: 62fdf1f143b41e24485cea50d1cbac27 -> 
  custom:video-decoder-webm-vp8: 9c59270c3fd7afecdb556c50c9e8de78 -> 
  custom:audio-decoder-ogg-vorbis: bf7c407c2cedff20999df2af8eb42d56 -> 
========================================================================
Received Import Request.
  Time since last request: 509.723280 seconds.
  path: Assets/DenysAlmaral/CityPeopleLite/Meshes/casual_Female_G.fbx
  artifactKey: Guid(efa7cf83928a3bd42935d7898c6fe1df) Importer(815301076,1909f56bfc062723c751e8b465ee728b)
Number of updated assets reloaded before import = 0
Start importing Assets/DenysAlmaral/CityPeopleLite/Meshes/casual_Female_G.fbx using Guid(efa7cf83928a3bd42935d7898c6fe1df) Importer(815301076,1909f56bfc062723c751e8b465ee728b)  -> (artifact id: '17c7b6d1e9ae4ef109c58879f67c8f28') in 0.244452 seconds 
Number of asset objects unloaded after import = 75
========================================================================
Received Import Request.
  Time since last request: 0.000092 seconds.
  path: Assets/DenysAlmaral/CityPeopleLite/Meshes/little_boy_B.fbx
  artifactKey: Guid(507b06707f64e144ab139fd0cb0e8bcb) Importer(815301076,1909f56bfc062723c751e8b465ee728b)
Number of updated assets reloaded before import = 0
Start importing Assets/DenysAlmaral/CityPeopleLite/Meshes/little_boy_B.fbx using Guid(507b06707f64e144ab139fd0cb0e8bcb) Importer(815301076,1909f56bfc062723c751e8b465ee728b)  -> (artifact id: 'ca2f2fddac8752409ebe88d90276c9fd') in 0.092950 seconds 
Number of asset objects unloaded after import = 79
========================================================================
Received Import Request.
  Time since last request: 0.000103 seconds.
  path: Assets/DenysAlmaral/CityPeopleLite/Meshes/Doctor_Male_B.fbx
  artifactKey: Guid(87dd643ab949229418ba9400e67cf1c0) Importer(815301076,1909f56bfc062723c751e8b465ee728b)
Number of updated assets reloaded before import = 0
Start importing Assets/DenysAlmaral/CityPeopleLite/Meshes/Doctor_Male_B.fbx using Guid(87dd643ab949229418ba9400e67cf1c0) Importer(815301076,1909f56bfc062723c751e8b465ee728b)  -> (artifact id: '3c1f07a90b1a593a9815d7f2ea404ba7') in 0.096265 seconds 
Number of asset objects unloaded after import = 79
========================================================================
Received Import Request.
  Time since last request: 0.000087 seconds.
  path: Assets/DenysAlmaral/CityPeopleLite/Meshes/police_Female_A.fbx
  artifactKey: Guid(b6804d93e01b7124294eccd05c06e280) Importer(815301076,1909f56bfc062723c751e8b465ee728b)
Number of updated assets reloaded before import = 0
Start importing Assets/DenysAlmaral/CityPeopleLite/Meshes/police_Female_A.fbx using Guid(b6804d93e01b7124294eccd05c06e280) Importer(815301076,1909f56bfc062723c751e8b465ee728b)  -> (artifact id: '7e2170579c08b9aff8247961056631a9') in 0.058499 seconds 
Number of asset objects unloaded after import = 75
========================================================================
Received Import Request.
  Time since last request: 0.000079 seconds.
  path: Assets/DenysAlmaral/CityPeopleLite/Meshes/casual_Male_K.fbx
  artifactKey: Guid(b7c035cdee4609f4689888a8474b63b7) Importer(815301076,1909f56bfc062723c751e8b465ee728b)
Number of updated assets reloaded before import = 0
Start importing Assets/DenysAlmaral/CityPeopleLite/Meshes/casual_Male_K.fbx using Guid(b7c035cdee4609f4689888a8474b63b7) Importer(815301076,1909f56bfc062723c751e8b465ee728b)  -> (artifact id: '65a2fa75a8b50e65b94a860b660ad21f') in 0.081941 seconds 
Number of asset objects unloaded after import = 79
========================================================================
Received Import Request.
  Time since last request: 0.001610 seconds.
  path: Assets/DenysAlmaral/CityPeopleLite/Meshes/casual_Female_K.fbx
  artifactKey: Guid(b6dde1c6fee9fe4478fbb2c3a0c333b4) Importer(815301076,1909f56bfc062723c751e8b465ee728b)
Number of updated assets reloaded before import = 0
Start importing Assets/DenysAlmaral/CityPeopleLite/Meshes/casual_Female_K.fbx using Guid(b6dde1c6fee9fe4478fbb2c3a0c333b4) Importer(815301076,1909f56bfc062723c751e8b465ee728b)  -> (artifact id: '92cd733bbbe09517f63dd5be4b02bb65') in 0.083108 seconds 
Number of asset objects unloaded after import = 79
========================================================================
Received Import Request.
  Time since last request: 0.000064 seconds.
  path: Assets/DenysAlmaral/CityPeopleLite/Meshes/elder_Female_A.fbx
  artifactKey: Guid(e9603e7a3938b4e47abbb7121bcbae61) Importer(815301076,1909f56bfc062723c751e8b465ee728b)
Number of updated assets reloaded before import = 0
Start importing Assets/DenysAlmaral/CityPeopleLite/Meshes/elder_Female_A.fbx using Guid(e9603e7a3938b4e47abbb7121bcbae61) Importer(815301076,1909f56bfc062723c751e8b465ee728b)  -> (artifact id: 'b4d5200b7f5f769565de401141e5b0ba') in 0.099075 seconds 
Number of asset objects unloaded after import = 83
========================================================================
Received Import Request.
  Time since last request: 0.000082 seconds.
  path: Assets/DenysAlmaral/CityPeopleLite/Meshes/casual_Male_G.fbx
  artifactKey: Guid(50c8fe73844fb0a42bdb72b9873224e6) Importer(815301076,1909f56bfc062723c751e8b465ee728b)
Number of updated assets reloaded before import = 0
Start importing Assets/DenysAlmaral/CityPeopleLite/Meshes/casual_Male_G.fbx using Guid(50c8fe73844fb0a42bdb72b9873224e6) Importer(815301076,1909f56bfc062723c751e8b465ee728b)  -> (artifact id: '021743d310f1258f6bc32557fc7ea77d') in 0.054557 seconds 
Number of asset objects unloaded after import = 75
========================================================================
Received Import Request.
  Time since last request: 56.516937 seconds.
  path: Assets/DenysAlmaral/CityPeopleLite/Materials/mobile
  artifactKey: Guid(f1ae28f63f0ee9d4aabc39172ae021ab) Importer(815301076,1909f56bfc062723c751e8b465ee728b)
Number of updated assets reloaded before import = 0
Start importing Assets/DenysAlmaral/CityPeopleLite/Materials/mobile using Guid(f1ae28f63f0ee9d4aabc39172ae021ab) Importer(815301076,1909f56bfc062723c751e8b465ee728b)  -> (artifact id: '1f20e99a93c79faff631c63ce55f1199') in 0.002456 seconds 
Number of asset objects unloaded after import = 0
========================================================================
Received Import Request.
  Time since last request: 633.682605 seconds.
  path: Assets/DenysAlmaral/CityPeopleLite/Demo_Scenes/Scripts/City M Animator.controller
  artifactKey: Guid(62283de8ca021c34aa5e61353fb9a6f4) Importer(815301076,1909f56bfc062723c751e8b465ee728b)
Number of updated assets reloaded before import = 0
Start importing Assets/DenysAlmaral/CityPeopleLite/Demo_Scenes/Scripts/City M Animator.controller using Guid(62283de8ca021c34aa5e61353fb9a6f4) Importer(815301076,1909f56bfc062723c751e8b465ee728b)  -> (artifact id: '66b8002cbf2bedecf73655022d5d8072') in 0.918260 seconds 
Number of asset objects unloaded after import = 16
========================================================================
Received Import Request.
  Time since last request: 2.924496 seconds.
  path: Assets/DenysAlmaral/CityPeopleLite/Demo_Scenes/Scripts/City F Animator.controller
  artifactKey: Guid(afe9de63454bbd448a9886ad5a285ae7) Importer(815301076,1909f56bfc062723c751e8b465ee728b)
Number of updated assets reloaded before import = 0
Start importing Assets/DenysAlmaral/CityPeopleLite/Demo_Scenes/Scripts/City F Animator.controller using Guid(afe9de63454bbd448a9886ad5a285ae7) Importer(815301076,1909f56bfc062723c751e8b465ee728b)  -> (artifact id: '9a078ca8328e1ec65314d8c22b582b47') in 0.330824 seconds 
Number of asset objects unloaded after import = 14
========================================================================
Received Import Request.
  Time since last request: 63.079114 seconds.
  path: Assets/Tree.prefab
  artifactKey: Guid(4473721facd15408a9f0e364c5190b72) Importer(815301076,1909f56bfc062723c751e8b465ee728b)
Number of updated assets reloaded before import = 0
Start importing Assets/Tree.prefab using Guid(4473721facd15408a9f0e364c5190b72) Importer(815301076,1909f56bfc062723c751e8b465ee728b)  -> (artifact id: 'd4a45abc4c1490f7e6d0316dcdd95a8f') in 2.083144 seconds 
Number of asset objects unloaded after import = 15
========================================================================
Received Import Request.
  Time since last request: 192.754282 seconds.
  path: Assets/DenysAlmaral/CityPeopleLite/Meshes/animated
  artifactKey: Guid(8e31e41d75d2f7c469147d482739c810) Importer(815301076,1909f56bfc062723c751e8b465ee728b)
Number of updated assets reloaded before import = 0
Start importing Assets/DenysAlmaral/CityPeopleLite/Meshes/animated using Guid(8e31e41d75d2f7c469147d482739c810) Importer(815301076,1909f56bfc062723c751e8b465ee728b)  -> (artifact id: '9ab7f87911cf11cf1ad576583a9a731c') in 0.017589 seconds 
Number of asset objects unloaded after import = 0
